<?xml version="1.0" encoding="UTF-8"?>
<!-- Generated by org.testng.reporters.JUnitReportReporter -->
<testsuite hostname="YASH" failures="0" tests="1" name="eneToEndOfTrello.CreateAndDeleteBoard" time="30.354" errors="0" timestamp="2024-03-29T19:52:41 IST" skipped="0">
  <testcase classname="eneToEndOfTrello.CreateAndDeleteBoard" name="oneEndToEndUponTrello" time="30.354"/>
  <system-out/>
</testsuite> <!-- eneToEndOfTrello.CreateAndDeleteBoard -->
