<?xml version="1.0" encoding="UTF-8"?>
<!-- Generated by org.testng.reporters.JUnitReportReporter -->
<testsuite hostname="YASH" failures="0" tests="1" name="eneToEnd.CreateAndDeleteBoard" time="30.720" errors="0" timestamp="2023-09-02T17:27:52 IST" skipped="0">
  <testcase classname="eneToEnd.CreateAndDeleteBoard" name="oneEndToEndUponTrello" time="30.720"/>
  <system-out/>
</testsuite> <!-- eneToEnd.CreateAndDeleteBoard -->
